{"/Users/shemz/Documents/Web Dev/projects/CRUD-api-js/src/index.js": {"path":"/Users/shemz/Documents/Web Dev/projects/CRUD-api-js/src/index.js","statementMap":{"0":{"start":{"line":5,"column":12},"end":{"line":5,"column":21}},"1":{"start":{"line":7,"column":0},"end":{"line":7,"column":16}},"2":{"start":{"line":9,"column":0},"end":{"line":9,"column":24}},"3":{"start":{"line":11,"column":0},"end":{"line":11,"column":27}},"4":{"start":{"line":15,"column":0},"end":{"line":17,"column":3}},"5":{"start":{"line":16,"column":4},"end":{"line":16,"column":50}},"6":{"start":{"line":21,"column":0},"end":{"line":23,"column":3}},"7":{"start":{"line":22,"column":4},"end":{"line":22,"column":58}},"8":{"start":{"line":26,"column":0},"end":{"line":26,"column":18}},"9":{"start":{"line":28,"column":0},"end":{"line":28,"column":20}},"10":{"start":{"line":30,"column":0},"end":{"line":30,"column":20}}},"fnMap":{"0":{"name":"(anonymous_0)","decl":{"start":{"line":15,"column":13},"end":{"line":15,"column":14}},"loc":{"start":{"line":15,"column":27},"end":{"line":17,"column":1}},"line":15},"1":{"name":"(anonymous_1)","decl":{"start":{"line":21,"column":8},"end":{"line":21,"column":9}},"loc":{"start":{"line":21,"column":28},"end":{"line":23,"column":1}},"line":21}},"branchMap":{},"s":{"0":2,"1":2,"2":2,"3":2,"4":2,"5":1,"6":2,"7":1,"8":2,"9":2,"10":2},"f":{"0":1,"1":1},"b":{},"inputSourceMap":null,"_coverageSchema":"1a1c01bbd47fc00a2c39e90264f33305004495a9","hash":"8e5634605c16c875ebecde5595e0a78a00134c6c"}
,"/Users/shemz/Documents/Web Dev/projects/CRUD-api-js/src/test-runner.js": {"path":"/Users/shemz/Documents/Web Dev/projects/CRUD-api-js/src/test-runner.js","statementMap":{"0":{"start":{"line":7,"column":11},"end":{"line":10,"column":2}},"1":{"start":{"line":12,"column":0},"end":{"line":12,"column":60}},"2":{"start":{"line":13,"column":0},"end":{"line":13,"column":74}},"3":{"start":{"line":15,"column":20},"end":{"line":23,"column":1}},"4":{"start":{"line":26,"column":2},"end":{"line":26,"column":53}},"5":{"start":{"line":27,"column":2},"end":{"line":30,"column":5}},"6":{"start":{"line":28,"column":18},"end":{"line":28,"column":54}},"7":{"start":{"line":29,"column":4},"end":{"line":29,"column":65}},"8":{"start":{"line":31,"column":2},"end":{"line":31,"column":16}},"9":{"start":{"line":35,"column":2},"end":{"line":53,"column":5}},"10":{"start":{"line":36,"column":4},"end":{"line":36,"column":55}},"11":{"start":{"line":38,"column":27},"end":{"line":38,"column":45}},"12":{"start":{"line":39,"column":18},"end":{"line":42,"column":6}},"13":{"start":{"line":44,"column":4},"end":{"line":47,"column":7}},"14":{"start":{"line":45,"column":6},"end":{"line":45,"column":70}},"15":{"start":{"line":46,"column":6},"end":{"line":46,"column":20}},"16":{"start":{"line":49,"column":4},"end":{"line":52,"column":7}},"17":{"start":{"line":50,"column":6},"end":{"line":50,"column":58}},"18":{"start":{"line":51,"column":6},"end":{"line":51,"column":17}},"19":{"start":{"line":57,"column":2},"end":{"line":57,"column":63}},"20":{"start":{"line":59,"column":20},"end":{"line":67,"column":3}},"21":{"start":{"line":69,"column":2},"end":{"line":69,"column":59}},"22":{"start":{"line":70,"column":2},"end":{"line":76,"column":5}},"23":{"start":{"line":71,"column":4},"end":{"line":71,"column":83}},"24":{"start":{"line":72,"column":4},"end":{"line":72,"column":51}},"25":{"start":{"line":73,"column":4},"end":{"line":75,"column":5}},"26":{"start":{"line":74,"column":6},"end":{"line":74,"column":59}},"27":{"start":{"line":78,"column":2},"end":{"line":78,"column":48}},"28":{"start":{"line":79,"column":2},"end":{"line":85,"column":5}},"29":{"start":{"line":80,"column":18},"end":{"line":80,"column":62}},"30":{"start":{"line":81,"column":4},"end":{"line":83,"column":5}},"31":{"start":{"line":82,"column":6},"end":{"line":82,"column":78}},"32":{"start":{"line":84,"column":4},"end":{"line":84,"column":59}},"33":{"start":{"line":87,"column":2},"end":{"line":87,"column":71}},"34":{"start":{"line":88,"column":2},"end":{"line":90,"column":5}},"35":{"start":{"line":89,"column":4},"end":{"line":89,"column":29}},"36":{"start":{"line":94,"column":2},"end":{"line":124,"column":3}},"37":{"start":{"line":95,"column":4},"end":{"line":95,"column":18}},"38":{"start":{"line":97,"column":19},"end":{"line":99,"column":6}},"39":{"start":{"line":98,"column":6},"end":{"line":98,"column":62}},"40":{"start":{"line":101,"column":27},"end":{"line":101,"column":90}},"41":{"start":{"line":101,"column":54},"end":{"line":101,"column":89}},"42":{"start":{"line":103,"column":4},"end":{"line":106,"column":5}},"43":{"start":{"line":104,"column":6},"end":{"line":104,"column":68}},"44":{"start":{"line":105,"column":6},"end":{"line":105,"column":15}},"45":{"start":{"line":108,"column":4},"end":{"line":111,"column":5}},"46":{"start":{"line":109,"column":6},"end":{"line":109,"column":48}},"47":{"start":{"line":110,"column":6},"end":{"line":110,"column":12}},"48":{"start":{"line":113,"column":4},"end":{"line":116,"column":5}},"49":{"start":{"line":114,"column":6},"end":{"line":114,"column":25}},"50":{"start":{"line":115,"column":6},"end":{"line":115,"column":15}},"51":{"start":{"line":118,"column":4},"end":{"line":118,"column":45}},"52":{"start":{"line":120,"column":4},"end":{"line":120,"column":58}},"53":{"start":{"line":121,"column":4},"end":{"line":123,"column":7}},"54":{"start":{"line":122,"column":6},"end":{"line":122,"column":31}},"55":{"start":{"line":126,"column":2},"end":{"line":126,"column":13}},"56":{"start":{"line":129,"column":0},"end":{"line":129,"column":28}}},"fnMap":{"0":{"name":"displayMenu","decl":{"start":{"line":25,"column":9},"end":{"line":25,"column":20}},"loc":{"start":{"line":25,"column":23},"end":{"line":32,"column":1}},"line":25},"1":{"name":"(anonymous_1)","decl":{"start":{"line":27,"column":22},"end":{"line":27,"column":23}},"loc":{"start":{"line":27,"column":32},"end":{"line":30,"column":3}},"line":27},"2":{"name":"runCommand","decl":{"start":{"line":34,"column":9},"end":{"line":34,"column":19}},"loc":{"start":{"line":34,"column":29},"end":{"line":54,"column":1}},"line":34},"3":{"name":"(anonymous_3)","decl":{"start":{"line":35,"column":21},"end":{"line":35,"column":22}},"loc":{"start":{"line":35,"column":34},"end":{"line":53,"column":3}},"line":35},"4":{"name":"(anonymous_4)","decl":{"start":{"line":44,"column":22},"end":{"line":44,"column":23}},"loc":{"start":{"line":44,"column":32},"end":{"line":47,"column":5}},"line":44},"5":{"name":"(anonymous_5)","decl":{"start":{"line":49,"column":22},"end":{"line":49,"column":23}},"loc":{"start":{"line":49,"column":33},"end":{"line":52,"column":5}},"line":49},"6":{"name":"manualTest","decl":{"start":{"line":56,"column":15},"end":{"line":56,"column":25}},"loc":{"start":{"line":56,"column":28},"end":{"line":91,"column":1}},"line":56},"7":{"name":"(anonymous_7)","decl":{"start":{"line":70,"column":20},"end":{"line":70,"column":21}},"loc":{"start":{"line":70,"column":41},"end":{"line":76,"column":3}},"line":70},"8":{"name":"(anonymous_8)","decl":{"start":{"line":79,"column":20},"end":{"line":79,"column":21}},"loc":{"start":{"line":79,"column":41},"end":{"line":85,"column":3}},"line":79},"9":{"name":"(anonymous_9)","decl":{"start":{"line":88,"column":20},"end":{"line":88,"column":21}},"loc":{"start":{"line":88,"column":31},"end":{"line":90,"column":3}},"line":88},"10":{"name":"main","decl":{"start":{"line":93,"column":15},"end":{"line":93,"column":19}},"loc":{"start":{"line":93,"column":22},"end":{"line":127,"column":1}},"line":93},"11":{"name":"(anonymous_11)","decl":{"start":{"line":97,"column":37},"end":{"line":97,"column":38}},"loc":{"start":{"line":97,"column":48},"end":{"line":99,"column":5}},"line":97},"12":{"name":"(anonymous_12)","decl":{"start":{"line":101,"column":44},"end":{"line":101,"column":45}},"loc":{"start":{"line":101,"column":54},"end":{"line":101,"column":89}},"line":101},"13":{"name":"(anonymous_13)","decl":{"start":{"line":121,"column":22},"end":{"line":121,"column":23}},"loc":{"start":{"line":121,"column":33},"end":{"line":123,"column":5}},"line":121}},"branchMap":{"0":{"loc":{"start":{"line":28,"column":18},"end":{"line":28,"column":54}},"type":"cond-expr","locations":[{"start":{"line":28,"column":39},"end":{"line":28,"column":44}},{"start":{"line":28,"column":47},"end":{"line":28,"column":54}}],"line":28},"1":{"loc":{"start":{"line":73,"column":4},"end":{"line":75,"column":5}},"type":"if","locations":[{"start":{"line":73,"column":4},"end":{"line":75,"column":5}},{"start":{},"end":{}}],"line":73},"2":{"loc":{"start":{"line":81,"column":4},"end":{"line":83,"column":5}},"type":"if","locations":[{"start":{"line":81,"column":4},"end":{"line":83,"column":5}},{"start":{},"end":{}}],"line":81},"3":{"loc":{"start":{"line":103,"column":4},"end":{"line":106,"column":5}},"type":"if","locations":[{"start":{"line":103,"column":4},"end":{"line":106,"column":5}},{"start":{},"end":{}}],"line":103},"4":{"loc":{"start":{"line":108,"column":4},"end":{"line":111,"column":5}},"type":"if","locations":[{"start":{"line":108,"column":4},"end":{"line":111,"column":5}},{"start":{},"end":{}}],"line":108},"5":{"loc":{"start":{"line":113,"column":4},"end":{"line":116,"column":5}},"type":"if","locations":[{"start":{"line":113,"column":4},"end":{"line":116,"column":5}},{"start":{},"end":{}}],"line":113}},"s":{"0":0,"1":0,"2":0,"3":0,"4":0,"5":0,"6":0,"7":0,"8":0,"9":0,"10":0,"11":0,"12":0,"13":0,"14":0,"15":0,"16":0,"17":0,"18":0,"19":0,"20":0,"21":0,"22":0,"23":0,"24":0,"25":0,"26":0,"27":0,"28":0,"29":0,"30":0,"31":0,"32":0,"33":0,"34":0,"35":0,"36":0,"37":0,"38":0,"39":0,"40":0,"41":0,"42":0,"43":0,"44":0,"45":0,"46":0,"47":0,"48":0,"49":0,"50":0,"51":0,"52":0,"53":0,"54":0,"55":0,"56":0},"f":{"0":0,"1":0,"2":0,"3":0,"4":0,"5":0,"6":0,"7":0,"8":0,"9":0,"10":0,"11":0,"12":0,"13":0},"b":{"0":[0,0],"1":[0,0],"2":[0,0],"3":[0,0],"4":[0,0],"5":[0,0]},"inputSourceMap":null}
,"/Users/shemz/Documents/Web Dev/projects/CRUD-api-js/src/config/db.js": {"path":"/Users/shemz/Documents/Web Dev/projects/CRUD-api-js/src/config/db.js","statementMap":{"0":{"start":{"line":3,"column":17},"end":{"line":3,"column":20}},"1":{"start":{"line":5,"column":0},"end":{"line":5,"column":16}},"2":{"start":{"line":7,"column":11},"end":{"line":13,"column":2}}},"fnMap":{},"branchMap":{},"s":{"0":2,"1":2,"2":2},"f":{},"b":{},"inputSourceMap":null,"_coverageSchema":"1a1c01bbd47fc00a2c39e90264f33305004495a9","hash":"5c06f93f3b3bd917069f93c48663ccb6f234e5d8"}
,"/Users/shemz/Documents/Web Dev/projects/CRUD-api-js/src/controllers/users.controller.js": {"path":"/Users/shemz/Documents/Web Dev/projects/CRUD-api-js/src/controllers/users.controller.js","statementMap":{"0":{"start":{"line":4,"column":24},"end":{"line":10,"column":1}},"1":{"start":{"line":5,"column":4},"end":{"line":9,"column":6}},"2":{"start":{"line":6,"column":8},"end":{"line":6,"column":44}},"3":{"start":{"line":8,"column":8},"end":{"line":8,"column":17}},"4":{"start":{"line":12,"column":23},"end":{"line":19,"column":1}},"5":{"start":{"line":13,"column":22},"end":{"line":13,"column":32}},"6":{"start":{"line":14,"column":4},"end":{"line":18,"column":6}},"7":{"start":{"line":15,"column":8},"end":{"line":15,"column":42}},"8":{"start":{"line":17,"column":8},"end":{"line":17,"column":17}},"9":{"start":{"line":21,"column":25},"end":{"line":29,"column":1}},"10":{"start":{"line":22,"column":24},"end":{"line":22,"column":32}},"11":{"start":{"line":23,"column":22},"end":{"line":23,"column":32}},"12":{"start":{"line":24,"column":4},"end":{"line":28,"column":6}},"13":{"start":{"line":25,"column":8},"end":{"line":25,"column":42}},"14":{"start":{"line":27,"column":8},"end":{"line":27,"column":17}},"15":{"start":{"line":31,"column":26},"end":{"line":38,"column":1}},"16":{"start":{"line":32,"column":22},"end":{"line":32,"column":32}},"17":{"start":{"line":33,"column":4},"end":{"line":37,"column":6}},"18":{"start":{"line":34,"column":8},"end":{"line":34,"column":35}},"19":{"start":{"line":36,"column":8},"end":{"line":36,"column":17}},"20":{"start":{"line":40,"column":24},"end":{"line":64,"column":1}},"21":{"start":{"line":41,"column":20},"end":{"line":41,"column":28}},"22":{"start":{"line":42,"column":4},"end":{"line":63,"column":5}},"23":{"start":{"line":44,"column":21},"end":{"line":44,"column":46}},"24":{"start":{"line":47,"column":32},"end":{"line":47,"column":65}},"25":{"start":{"line":49,"column":8},"end":{"line":58,"column":9}},"26":{"start":{"line":51,"column":12},"end":{"line":57,"column":15}},"27":{"start":{"line":60,"column":8},"end":{"line":60,"column":46}},"28":{"start":{"line":62,"column":8},"end":{"line":62,"column":18}}},"fnMap":{"0":{"name":"(anonymous_0)","decl":{"start":{"line":4,"column":24},"end":{"line":4,"column":25}},"loc":{"start":{"line":4,"column":44},"end":{"line":10,"column":1}},"line":4},"1":{"name":"(anonymous_1)","decl":{"start":{"line":5,"column":22},"end":{"line":5,"column":23}},"loc":{"start":{"line":5,"column":31},"end":{"line":7,"column":5}},"line":5},"2":{"name":"(anonymous_2)","decl":{"start":{"line":7,"column":13},"end":{"line":7,"column":14}},"loc":{"start":{"line":7,"column":20},"end":{"line":9,"column":5}},"line":7},"3":{"name":"(anonymous_3)","decl":{"start":{"line":12,"column":23},"end":{"line":12,"column":24}},"loc":{"start":{"line":12,"column":43},"end":{"line":19,"column":1}},"line":12},"4":{"name":"(anonymous_4)","decl":{"start":{"line":14,"column":32},"end":{"line":14,"column":33}},"loc":{"start":{"line":14,"column":40},"end":{"line":16,"column":5}},"line":14},"5":{"name":"(anonymous_5)","decl":{"start":{"line":16,"column":13},"end":{"line":16,"column":14}},"loc":{"start":{"line":16,"column":20},"end":{"line":18,"column":5}},"line":16},"6":{"name":"(anonymous_6)","decl":{"start":{"line":21,"column":25},"end":{"line":21,"column":26}},"loc":{"start":{"line":21,"column":45},"end":{"line":29,"column":1}},"line":21},"7":{"name":"(anonymous_7)","decl":{"start":{"line":24,"column":42},"end":{"line":24,"column":43}},"loc":{"start":{"line":24,"column":50},"end":{"line":26,"column":5}},"line":24},"8":{"name":"(anonymous_8)","decl":{"start":{"line":26,"column":13},"end":{"line":26,"column":14}},"loc":{"start":{"line":26,"column":20},"end":{"line":28,"column":5}},"line":26},"9":{"name":"(anonymous_9)","decl":{"start":{"line":31,"column":26},"end":{"line":31,"column":27}},"loc":{"start":{"line":31,"column":46},"end":{"line":38,"column":1}},"line":31},"10":{"name":"(anonymous_10)","decl":{"start":{"line":33,"column":29},"end":{"line":33,"column":30}},"loc":{"start":{"line":33,"column":38},"end":{"line":35,"column":5}},"line":33},"11":{"name":"(anonymous_11)","decl":{"start":{"line":35,"column":13},"end":{"line":35,"column":14}},"loc":{"start":{"line":35,"column":20},"end":{"line":37,"column":5}},"line":35},"12":{"name":"(anonymous_12)","decl":{"start":{"line":40,"column":24},"end":{"line":40,"column":25}},"loc":{"start":{"line":40,"column":50},"end":{"line":64,"column":1}},"line":40}},"branchMap":{"0":{"loc":{"start":{"line":49,"column":8},"end":{"line":58,"column":9}},"type":"if","locations":[{"start":{"line":49,"column":8},"end":{"line":58,"column":9}},{"start":{},"end":{}}],"line":49},"1":{"loc":{"start":{"line":49,"column":12},"end":{"line":49,"column":55}},"type":"binary-expr","locations":[{"start":{"line":49,"column":12},"end":{"line":49,"column":27}},{"start":{"line":49,"column":31},"end":{"line":49,"column":55}}],"line":49}},"s":{"0":2,"1":2,"2":2,"3":0,"4":2,"5":6,"6":6,"7":2,"8":4,"9":2,"10":4,"11":4,"12":4,"13":3,"14":1,"15":2,"16":3,"17":3,"18":2,"19":1,"20":2,"21":4,"22":4,"23":4,"24":3,"25":3,"26":3,"27":0,"28":1},"f":{"0":2,"1":2,"2":0,"3":6,"4":2,"5":4,"6":4,"7":3,"8":1,"9":3,"10":2,"11":1,"12":4},"b":{"0":[3,0],"1":[3,3]},"inputSourceMap":null,"_coverageSchema":"1a1c01bbd47fc00a2c39e90264f33305004495a9","hash":"61e8167050fb024a07e50efe7de1943834df8ef9"}
,"/Users/shemz/Documents/Web Dev/projects/CRUD-api-js/src/middleware/errorHandlers.js": {"path":"/Users/shemz/Documents/Web Dev/projects/CRUD-api-js/src/middleware/errorHandlers.js","statementMap":{"0":{"start":{"line":1,"column":25},"end":{"line":15,"column":1}},"1":{"start":{"line":2,"column":4},"end":{"line":4,"column":5}},"2":{"start":{"line":3,"column":8},"end":{"line":3,"column":62}},"3":{"start":{"line":6,"column":4},"end":{"line":8,"column":5}},"4":{"start":{"line":7,"column":8},"end":{"line":7,"column":64}},"5":{"start":{"line":10,"column":4},"end":{"line":12,"column":5}},"6":{"start":{"line":11,"column":8},"end":{"line":11,"column":65}},"7":{"start":{"line":14,"column":4},"end":{"line":14,"column":14}},"8":{"start":{"line":17,"column":27},"end":{"line":22,"column":1}},"9":{"start":{"line":18,"column":4},"end":{"line":20,"column":5}},"10":{"start":{"line":19,"column":8},"end":{"line":19,"column":58}},"11":{"start":{"line":21,"column":4},"end":{"line":21,"column":14}},"12":{"start":{"line":24,"column":27},"end":{"line":26,"column":1}},"13":{"start":{"line":25,"column":4},"end":{"line":25,"column":57}}},"fnMap":{"0":{"name":"(anonymous_0)","decl":{"start":{"line":1,"column":25},"end":{"line":1,"column":26}},"loc":{"start":{"line":1,"column":50},"end":{"line":15,"column":1}},"line":1},"1":{"name":"(anonymous_1)","decl":{"start":{"line":17,"column":27},"end":{"line":17,"column":28}},"loc":{"start":{"line":17,"column":52},"end":{"line":22,"column":1}},"line":17},"2":{"name":"(anonymous_2)","decl":{"start":{"line":24,"column":27},"end":{"line":24,"column":28}},"loc":{"start":{"line":24,"column":52},"end":{"line":26,"column":1}},"line":24}},"branchMap":{"0":{"loc":{"start":{"line":2,"column":4},"end":{"line":4,"column":5}},"type":"if","locations":[{"start":{"line":2,"column":4},"end":{"line":4,"column":5}},{"start":{},"end":{}}],"line":2},"1":{"loc":{"start":{"line":6,"column":4},"end":{"line":8,"column":5}},"type":"if","locations":[{"start":{"line":6,"column":4},"end":{"line":8,"column":5}},{"start":{},"end":{}}],"line":6},"2":{"loc":{"start":{"line":10,"column":4},"end":{"line":12,"column":5}},"type":"if","locations":[{"start":{"line":10,"column":4},"end":{"line":12,"column":5}},{"start":{},"end":{}}],"line":10},"3":{"loc":{"start":{"line":18,"column":4},"end":{"line":20,"column":5}},"type":"if","locations":[{"start":{"line":18,"column":4},"end":{"line":20,"column":5}},{"start":{},"end":{}}],"line":18}},"s":{"0":2,"1":7,"2":1,"3":6,"4":0,"5":6,"6":1,"7":5,"8":2,"9":5,"10":5,"11":0,"12":2,"13":0},"f":{"0":7,"1":5,"2":0},"b":{"0":[1,6],"1":[0,6],"2":[1,5],"3":[5,0]},"inputSourceMap":null,"_coverageSchema":"1a1c01bbd47fc00a2c39e90264f33305004495a9","hash":"9dbeca76c537ff43706cc863387958597242cfd4"}
,"/Users/shemz/Documents/Web Dev/projects/CRUD-api-js/src/models/users.model.js": {"path":"/Users/shemz/Documents/Web Dev/projects/CRUD-api-js/src/models/users.model.js","statementMap":{"0":{"start":{"line":3,"column":26},"end":{"line":7,"column":1}},"1":{"start":{"line":4,"column":4},"end":{"line":6,"column":6}},"2":{"start":{"line":5,"column":8},"end":{"line":5,"column":19}},"3":{"start":{"line":9,"column":29},"end":{"line":17,"column":1}},"4":{"start":{"line":10,"column":4},"end":{"line":16,"column":6}},"5":{"start":{"line":12,"column":8},"end":{"line":14,"column":9}},"6":{"start":{"line":13,"column":12},"end":{"line":13,"column":71}},"7":{"start":{"line":15,"column":8},"end":{"line":15,"column":22}},"8":{"start":{"line":19,"column":26},"end":{"line":25,"column":1}},"9":{"start":{"line":20,"column":70},"end":{"line":20,"column":77}},"10":{"start":{"line":21,"column":4},"end":{"line":24,"column":10}},"11":{"start":{"line":23,"column":12},"end":{"line":23,"column":26}},"12":{"start":{"line":27,"column":26},"end":{"line":55,"column":1}},"13":{"start":{"line":28,"column":19},"end":{"line":28,"column":21}},"14":{"start":{"line":29,"column":19},"end":{"line":29,"column":21}},"15":{"start":{"line":30,"column":24},"end":{"line":30,"column":93}},"16":{"start":{"line":31,"column":16},"end":{"line":31,"column":17}},"17":{"start":{"line":33,"column":4},"end":{"line":39,"column":5}},"18":{"start":{"line":34,"column":8},"end":{"line":38,"column":9}},"19":{"start":{"line":35,"column":12},"end":{"line":35,"column":45}},"20":{"start":{"line":36,"column":12},"end":{"line":36,"column":30}},"21":{"start":{"line":37,"column":12},"end":{"line":37,"column":20}},"22":{"start":{"line":41,"column":4},"end":{"line":43,"column":5}},"23":{"start":{"line":42,"column":8},"end":{"line":42,"column":78}},"24":{"start":{"line":45,"column":4},"end":{"line":45,"column":20}},"25":{"start":{"line":47,"column":18},"end":{"line":52,"column":5}},"26":{"start":{"line":54,"column":4},"end":{"line":54,"column":62}},"27":{"start":{"line":54,"column":54},"end":{"line":54,"column":61}},"28":{"start":{"line":57,"column":26},"end":{"line":65,"column":1}},"29":{"start":{"line":58,"column":4},"end":{"line":64,"column":6}},"30":{"start":{"line":60,"column":8},"end":{"line":62,"column":9}},"31":{"start":{"line":61,"column":12},"end":{"line":61,"column":71}},"32":{"start":{"line":63,"column":8},"end":{"line":63,"column":30}}},"fnMap":{"0":{"name":"(anonymous_0)","decl":{"start":{"line":3,"column":26},"end":{"line":3,"column":27}},"loc":{"start":{"line":3,"column":32},"end":{"line":7,"column":1}},"line":3},"1":{"name":"(anonymous_1)","decl":{"start":{"line":4,"column":48},"end":{"line":4,"column":49}},"loc":{"start":{"line":4,"column":58},"end":{"line":6,"column":5}},"line":4},"2":{"name":"(anonymous_2)","decl":{"start":{"line":9,"column":29},"end":{"line":9,"column":30}},"loc":{"start":{"line":9,"column":37},"end":{"line":17,"column":1}},"line":9},"3":{"name":"(anonymous_3)","decl":{"start":{"line":11,"column":10},"end":{"line":11,"column":11}},"loc":{"start":{"line":11,"column":20},"end":{"line":16,"column":5}},"line":11},"4":{"name":"(anonymous_4)","decl":{"start":{"line":19,"column":26},"end":{"line":19,"column":27}},"loc":{"start":{"line":19,"column":39},"end":{"line":25,"column":1}},"line":19},"5":{"name":"(anonymous_5)","decl":{"start":{"line":22,"column":118},"end":{"line":22,"column":119}},"loc":{"start":{"line":22,"column":128},"end":{"line":24,"column":9}},"line":22},"6":{"name":"(anonymous_6)","decl":{"start":{"line":27,"column":26},"end":{"line":27,"column":27}},"loc":{"start":{"line":27,"column":46},"end":{"line":55,"column":1}},"line":27},"7":{"name":"(anonymous_7)","decl":{"start":{"line":54,"column":40},"end":{"line":54,"column":41}},"loc":{"start":{"line":54,"column":54},"end":{"line":54,"column":61}},"line":54},"8":{"name":"(anonymous_8)","decl":{"start":{"line":57,"column":26},"end":{"line":57,"column":27}},"loc":{"start":{"line":57,"column":34},"end":{"line":65,"column":1}},"line":57},"9":{"name":"(anonymous_9)","decl":{"start":{"line":59,"column":10},"end":{"line":59,"column":11}},"loc":{"start":{"line":59,"column":20},"end":{"line":64,"column":5}},"line":59}},"branchMap":{"0":{"loc":{"start":{"line":12,"column":8},"end":{"line":14,"column":9}},"type":"if","locations":[{"start":{"line":12,"column":8},"end":{"line":14,"column":9}},{"start":{},"end":{}}],"line":12},"1":{"loc":{"start":{"line":34,"column":8},"end":{"line":38,"column":9}},"type":"if","locations":[{"start":{"line":34,"column":8},"end":{"line":38,"column":9}},{"start":{},"end":{}}],"line":34},"2":{"loc":{"start":{"line":34,"column":12},"end":{"line":34,"column":60}},"type":"binary-expr","locations":[{"start":{"line":34,"column":12},"end":{"line":34,"column":31}},{"start":{"line":34,"column":35},"end":{"line":34,"column":60}}],"line":34},"3":{"loc":{"start":{"line":41,"column":4},"end":{"line":43,"column":5}},"type":"if","locations":[{"start":{"line":41,"column":4},"end":{"line":43,"column":5}},{"start":{},"end":{}}],"line":41},"4":{"loc":{"start":{"line":60,"column":8},"end":{"line":62,"column":9}},"type":"if","locations":[{"start":{"line":60,"column":8},"end":{"line":62,"column":9}},{"start":{},"end":{}}],"line":60}},"s":{"0":2,"1":2,"2":2,"3":2,"4":6,"5":5,"6":3,"7":2,"8":2,"9":4,"10":4,"11":3,"12":2,"13":4,"14":4,"15":4,"16":4,"17":4,"18":6,"19":5,"20":5,"21":5,"22":4,"23":1,"24":3,"25":3,"26":3,"27":3,"28":2,"29":3,"30":3,"31":1,"32":2},"f":{"0":2,"1":2,"2":6,"3":5,"4":4,"5":3,"6":4,"7":3,"8":3,"9":3},"b":{"0":[3,2],"1":[5,1],"2":[6,6],"3":[1,3],"4":[1,2]},"inputSourceMap":null,"_coverageSchema":"1a1c01bbd47fc00a2c39e90264f33305004495a9","hash":"a2a6ccf4e6075afb4e2728dc11bb17a970a7d1c0"}
,"/Users/shemz/Documents/Web Dev/projects/CRUD-api-js/src/routes/api-router.js": {"path":"/Users/shemz/Documents/Web Dev/projects/CRUD-api-js/src/routes/api-router.js","statementMap":{"0":{"start":{"line":3,"column":18},"end":{"line":3,"column":34}},"1":{"start":{"line":6,"column":0},"end":{"line":6,"column":36}}},"fnMap":{},"branchMap":{},"s":{"0":2,"1":2},"f":{},"b":{},"inputSourceMap":null,"_coverageSchema":"1a1c01bbd47fc00a2c39e90264f33305004495a9","hash":"000ec44a1a78cd80d3d3616a5080f13ccf596ed8"}
,"/Users/shemz/Documents/Web Dev/projects/CRUD-api-js/src/routes/user-router.js": {"path":"/Users/shemz/Documents/Web Dev/projects/CRUD-api-js/src/routes/user-router.js","statementMap":{"0":{"start":{"line":3,"column":19},"end":{"line":3,"column":35}},"1":{"start":{"line":5,"column":0},"end":{"line":8,"column":15}},"2":{"start":{"line":10,"column":0},"end":{"line":14,"column":19}}},"fnMap":{},"branchMap":{},"s":{"0":2,"1":2,"2":2},"f":{},"b":{},"inputSourceMap":null,"_coverageSchema":"1a1c01bbd47fc00a2c39e90264f33305004495a9","hash":"32f7a1fa9539896d6de30013c038927f33c02b72"}
,"/Users/shemz/Documents/Web Dev/projects/CRUD-api-js/src/services/mailchimp.service.js": {"path":"/Users/shemz/Documents/Web Dev/projects/CRUD-api-js/src/services/mailchimp.service.js","statementMap":{"0":{"start":{"line":4,"column":0},"end":{"line":4,"column":16}},"1":{"start":{"line":7,"column":0},"end":{"line":10,"column":3}},"2":{"start":{"line":13,"column":26},"end":{"line":39,"column":1}},"3":{"start":{"line":14,"column":4},"end":{"line":38,"column":5}},"4":{"start":{"line":15,"column":31},"end":{"line":19,"column":9}},"5":{"start":{"line":21,"column":8},"end":{"line":35,"column":9}},"6":{"start":{"line":22,"column":12},"end":{"line":34,"column":13}},"7":{"start":{"line":23,"column":16},"end":{"line":27,"column":19}},"8":{"start":{"line":28,"column":16},"end":{"line":28,"column":65}},"9":{"start":{"line":31,"column":16},"end":{"line":33,"column":17}},"10":{"start":{"line":32,"column":20},"end":{"line":32,"column":103}},"11":{"start":{"line":37,"column":8},"end":{"line":37,"column":67}},"12":{"start":{"line":41,"column":34},"end":{"line":96,"column":1}},"13":{"start":{"line":42,"column":4},"end":{"line":95,"column":5}},"14":{"start":{"line":43,"column":76},"end":{"line":43,"column":84}},"15":{"start":{"line":45,"column":8},"end":{"line":45,"column":34}},"16":{"start":{"line":47,"column":31},"end":{"line":57,"column":9}},"17":{"start":{"line":59,"column":25},"end":{"line":62,"column":9}},"18":{"start":{"line":64,"column":8},"end":{"line":64,"column":85}},"19":{"start":{"line":65,"column":8},"end":{"line":65,"column":49}},"20":{"start":{"line":68,"column":8},"end":{"line":68,"column":85}},"21":{"start":{"line":71,"column":8},"end":{"line":87,"column":9}},"22":{"start":{"line":72,"column":30},"end":{"line":72,"column":50}},"23":{"start":{"line":73,"column":12},"end":{"line":79,"column":13}},"24":{"start":{"line":74,"column":16},"end":{"line":78,"column":18}},"25":{"start":{"line":80,"column":12},"end":{"line":86,"column":13}},"26":{"start":{"line":81,"column":16},"end":{"line":85,"column":18}},"27":{"start":{"line":90,"column":8},"end":{"line":94,"column":10}},"28":{"start":{"line":98,"column":41},"end":{"line":125,"column":1}},"29":{"start":{"line":99,"column":4},"end":{"line":124,"column":5}},"30":{"start":{"line":100,"column":69},"end":{"line":100,"column":77}},"31":{"start":{"line":102,"column":27},"end":{"line":110,"column":9}},"32":{"start":{"line":112,"column":25},"end":{"line":116,"column":9}},"33":{"start":{"line":118,"column":8},"end":{"line":118,"column":77}},"34":{"start":{"line":119,"column":8},"end":{"line":119,"column":24}},"35":{"start":{"line":122,"column":8},"end":{"line":122,"column":88}},"36":{"start":{"line":123,"column":8},"end":{"line":123,"column":20}}},"fnMap":{"0":{"name":"(anonymous_0)","decl":{"start":{"line":13,"column":26},"end":{"line":13,"column":27}},"loc":{"start":{"line":13,"column":38},"end":{"line":39,"column":1}},"line":13},"1":{"name":"(anonymous_1)","decl":{"start":{"line":41,"column":34},"end":{"line":41,"column":35}},"loc":{"start":{"line":41,"column":54},"end":{"line":96,"column":1}},"line":41},"2":{"name":"(anonymous_2)","decl":{"start":{"line":98,"column":41},"end":{"line":98,"column":42}},"loc":{"start":{"line":98,"column":68},"end":{"line":125,"column":1}},"line":98}},"branchMap":{"0":{"loc":{"start":{"line":31,"column":16},"end":{"line":33,"column":17}},"type":"if","locations":[{"start":{"line":31,"column":16},"end":{"line":33,"column":17}},{"start":{},"end":{}}],"line":31},"1":{"loc":{"start":{"line":53,"column":23},"end":{"line":53,"column":35}},"type":"binary-expr","locations":[{"start":{"line":53,"column":23},"end":{"line":53,"column":29}},{"start":{"line":53,"column":33},"end":{"line":53,"column":35}}],"line":53},"2":{"loc":{"start":{"line":54,"column":28},"end":{"line":54,"column":44}},"type":"binary-expr","locations":[{"start":{"line":54,"column":28},"end":{"line":54,"column":38}},{"start":{"line":54,"column":42},"end":{"line":54,"column":44}}],"line":54},"3":{"loc":{"start":{"line":55,"column":25},"end":{"line":55,"column":38}},"type":"binary-expr","locations":[{"start":{"line":55,"column":25},"end":{"line":55,"column":32}},{"start":{"line":55,"column":36},"end":{"line":55,"column":38}}],"line":55},"4":{"loc":{"start":{"line":68,"column":46},"end":{"line":68,"column":83}},"type":"binary-expr","locations":[{"start":{"line":68,"column":46},"end":{"line":68,"column":66}},{"start":{"line":68,"column":70},"end":{"line":68,"column":83}}],"line":68},"5":{"loc":{"start":{"line":71,"column":8},"end":{"line":87,"column":9}},"type":"if","locations":[{"start":{"line":71,"column":8},"end":{"line":87,"column":9}},{"start":{},"end":{}}],"line":71},"6":{"loc":{"start":{"line":73,"column":12},"end":{"line":79,"column":13}},"type":"if","locations":[{"start":{"line":73,"column":12},"end":{"line":79,"column":13}},{"start":{},"end":{}}],"line":73},"7":{"loc":{"start":{"line":80,"column":12},"end":{"line":86,"column":13}},"type":"if","locations":[{"start":{"line":80,"column":12},"end":{"line":86,"column":13}},{"start":{},"end":{}}],"line":80},"8":{"loc":{"start":{"line":106,"column":23},"end":{"line":106,"column":35}},"type":"binary-expr","locations":[{"start":{"line":106,"column":23},"end":{"line":106,"column":29}},{"start":{"line":106,"column":33},"end":{"line":106,"column":35}}],"line":106},"9":{"loc":{"start":{"line":107,"column":28},"end":{"line":107,"column":44}},"type":"binary-expr","locations":[{"start":{"line":107,"column":28},"end":{"line":107,"column":38}},{"start":{"line":107,"column":42},"end":{"line":107,"column":44}}],"line":107},"10":{"loc":{"start":{"line":108,"column":25},"end":{"line":108,"column":38}},"type":"binary-expr","locations":[{"start":{"line":108,"column":25},"end":{"line":108,"column":32}},{"start":{"line":108,"column":36},"end":{"line":108,"column":38}}],"line":108},"11":{"loc":{"start":{"line":122,"column":49},"end":{"line":122,"column":86}},"type":"binary-expr","locations":[{"start":{"line":122,"column":49},"end":{"line":122,"column":69}},{"start":{"line":122,"column":73},"end":{"line":122,"column":86}}],"line":122}},"s":{"0":2,"1":2,"2":2,"3":3,"4":3,"5":3,"6":9,"7":9,"8":0,"9":9,"10":0,"11":0,"12":2,"13":3,"14":3,"15":3,"16":3,"17":3,"18":0,"19":0,"20":3,"21":3,"22":3,"23":3,"24":3,"25":0,"26":0,"27":0,"28":2,"29":0,"30":0,"31":0,"32":0,"33":0,"34":0,"35":0,"36":0},"f":{"0":3,"1":3,"2":0},"b":{"0":[0,9],"1":[3,0],"2":[3,0],"3":[3,0],"4":[3,0],"5":[3,0],"6":[3,0],"7":[0,0],"8":[0,0],"9":[0,0],"10":[0,0],"11":[0,0]},"inputSourceMap":null,"_coverageSchema":"1a1c01bbd47fc00a2c39e90264f33305004495a9","hash":"cdcf0e9816933acc02ab254335625f524d263fe5"}
}
