TN:
SF:src/index.js
FN:15,(anonymous_0)
FN:21,(anonymous_1)
FNF:2
FNH:2
FNDA:1,(anonymous_0)
FNDA:1,(anonymous_1)
DA:5,2
DA:7,2
DA:9,2
DA:11,2
DA:15,2
DA:16,1
DA:21,2
DA:22,1
DA:26,2
DA:28,2
DA:30,2
LF:11
LH:11
BRF:0
BRH:0
end_of_record
TN:
SF:src/test-runner.js
FN:25,displayMenu
FN:27,(anonymous_1)
FN:34,runCommand
FN:35,(anonymous_3)
FN:44,(anonymous_4)
FN:49,(anonymous_5)
FN:56,manualTest
FN:70,(anonymous_7)
FN:79,(anonymous_8)
FN:88,(anonymous_9)
FN:93,main
FN:97,(anonymous_11)
FN:101,(anonymous_12)
FN:121,(anonymous_13)
FNF:14
FNH:0
FNDA:0,displayMenu
FNDA:0,(anonymous_1)
FNDA:0,runCommand
FNDA:0,(anonymous_3)
FNDA:0,(anonymous_4)
FNDA:0,(anonymous_5)
FNDA:0,manualTest
FNDA:0,(anonymous_7)
FNDA:0,(anonymous_8)
FNDA:0,(anonymous_9)
FNDA:0,main
FNDA:0,(anonymous_11)
FNDA:0,(anonymous_12)
FNDA:0,(anonymous_13)
DA:7,0
DA:12,0
DA:13,0
DA:15,0
DA:26,0
DA:27,0
DA:28,0
DA:29,0
DA:31,0
DA:35,0
DA:36,0
DA:38,0
DA:39,0
DA:44,0
DA:45,0
DA:46,0
DA:49,0
DA:50,0
DA:51,0
DA:57,0
DA:59,0
DA:69,0
DA:70,0
DA:71,0
DA:72,0
DA:73,0
DA:74,0
DA:78,0
DA:79,0
DA:80,0
DA:81,0
DA:82,0
DA:84,0
DA:87,0
DA:88,0
DA:89,0
DA:94,0
DA:95,0
DA:97,0
DA:98,0
DA:101,0
DA:103,0
DA:104,0
DA:105,0
DA:108,0
DA:109,0
DA:110,0
DA:113,0
DA:114,0
DA:115,0
DA:118,0
DA:120,0
DA:121,0
DA:122,0
DA:126,0
DA:129,0
LF:56
LH:0
BRDA:28,0,0,0
BRDA:28,0,1,0
BRDA:73,1,0,0
BRDA:73,1,1,0
BRDA:81,2,0,0
BRDA:81,2,1,0
BRDA:103,3,0,0
BRDA:103,3,1,0
BRDA:108,4,0,0
BRDA:108,4,1,0
BRDA:113,5,0,0
BRDA:113,5,1,0
BRF:12
BRH:0
end_of_record
TN:
SF:src/config/db.js
FNF:0
FNH:0
DA:3,2
DA:5,2
DA:7,2
LF:3
LH:3
BRF:0
BRH:0
end_of_record
TN:
SF:src/controllers/users.controller.js
FN:4,(anonymous_0)
FN:5,(anonymous_1)
FN:7,(anonymous_2)
FN:12,(anonymous_3)
FN:14,(anonymous_4)
FN:16,(anonymous_5)
FN:21,(anonymous_6)
FN:24,(anonymous_7)
FN:26,(anonymous_8)
FN:31,(anonymous_9)
FN:33,(anonymous_10)
FN:35,(anonymous_11)
FN:40,(anonymous_12)
FNF:13
FNH:12
FNDA:2,(anonymous_0)
FNDA:2,(anonymous_1)
FNDA:0,(anonymous_2)
FNDA:6,(anonymous_3)
FNDA:2,(anonymous_4)
FNDA:4,(anonymous_5)
FNDA:4,(anonymous_6)
FNDA:3,(anonymous_7)
FNDA:1,(anonymous_8)
FNDA:3,(anonymous_9)
FNDA:2,(anonymous_10)
FNDA:1,(anonymous_11)
FNDA:4,(anonymous_12)
DA:4,2
DA:5,2
DA:6,2
DA:8,0
DA:12,2
DA:13,6
DA:14,6
DA:15,2
DA:17,4
DA:21,2
DA:22,4
DA:23,4
DA:24,4
DA:25,3
DA:27,1
DA:31,2
DA:32,3
DA:33,3
DA:34,2
DA:36,1
DA:40,2
DA:41,4
DA:42,4
DA:44,4
DA:47,3
DA:49,3
DA:51,3
DA:60,0
DA:62,1
LF:29
LH:27
BRDA:49,0,0,3
BRDA:49,0,1,0
BRDA:49,1,0,3
BRDA:49,1,1,3
BRF:4
BRH:3
end_of_record
TN:
SF:src/middleware/errorHandlers.js
FN:1,(anonymous_0)
FN:17,(anonymous_1)
FN:24,(anonymous_2)
FNF:3
FNH:2
FNDA:7,(anonymous_0)
FNDA:5,(anonymous_1)
FNDA:0,(anonymous_2)
DA:1,2
DA:2,7
DA:3,1
DA:6,6
DA:7,0
DA:10,6
DA:11,1
DA:14,5
DA:17,2
DA:18,5
DA:19,5
DA:21,0
DA:24,2
DA:25,0
LF:14
LH:11
BRDA:2,0,0,1
BRDA:2,0,1,6
BRDA:6,1,0,0
BRDA:6,1,1,6
BRDA:10,2,0,1
BRDA:10,2,1,5
BRDA:18,3,0,5
BRDA:18,3,1,0
BRF:8
BRH:6
end_of_record
TN:
SF:src/models/users.model.js
FN:3,(anonymous_0)
FN:4,(anonymous_1)
FN:9,(anonymous_2)
FN:11,(anonymous_3)
FN:19,(anonymous_4)
FN:22,(anonymous_5)
FN:27,(anonymous_6)
FN:54,(anonymous_7)
FN:57,(anonymous_8)
FN:59,(anonymous_9)
FNF:10
FNH:10
FNDA:2,(anonymous_0)
FNDA:2,(anonymous_1)
FNDA:6,(anonymous_2)
FNDA:5,(anonymous_3)
FNDA:4,(anonymous_4)
FNDA:3,(anonymous_5)
FNDA:4,(anonymous_6)
FNDA:3,(anonymous_7)
FNDA:3,(anonymous_8)
FNDA:3,(anonymous_9)
DA:3,2
DA:4,2
DA:5,2
DA:9,2
DA:10,6
DA:12,5
DA:13,3
DA:15,2
DA:19,2
DA:20,4
DA:21,4
DA:23,3
DA:27,2
DA:28,4
DA:29,4
DA:30,4
DA:31,4
DA:33,4
DA:34,6
DA:35,5
DA:36,5
DA:37,5
DA:41,4
DA:42,1
DA:45,3
DA:47,3
DA:54,3
DA:57,2
DA:58,3
DA:60,3
DA:61,1
DA:63,2
LF:32
LH:32
BRDA:12,0,0,3
BRDA:12,0,1,2
BRDA:34,1,0,5
BRDA:34,1,1,1
BRDA:34,2,0,6
BRDA:34,2,1,6
BRDA:41,3,0,1
BRDA:41,3,1,3
BRDA:60,4,0,1
BRDA:60,4,1,2
BRF:10
BRH:10
end_of_record
TN:
SF:src/routes/api-router.js
FNF:0
FNH:0
DA:3,2
DA:6,2
LF:2
LH:2
BRF:0
BRH:0
end_of_record
TN:
SF:src/routes/user-router.js
FNF:0
FNH:0
DA:3,2
DA:5,2
DA:10,2
LF:3
LH:3
BRF:0
BRH:0
end_of_record
TN:
SF:src/services/mailchimp.service.js
FN:13,(anonymous_0)
FN:41,(anonymous_1)
FN:98,(anonymous_2)
FNF:3
FNH:2
FNDA:3,(anonymous_0)
FNDA:3,(anonymous_1)
FNDA:0,(anonymous_2)
DA:4,2
DA:7,2
DA:13,2
DA:14,3
DA:15,3
DA:21,3
DA:22,9
DA:23,9
DA:28,0
DA:31,9
DA:32,0
DA:37,0
DA:41,2
DA:42,3
DA:43,3
DA:45,3
DA:47,3
DA:59,3
DA:64,0
DA:65,0
DA:68,3
DA:71,3
DA:72,3
DA:73,3
DA:74,3
DA:80,0
DA:81,0
DA:90,0
DA:98,2
DA:99,0
DA:100,0
DA:102,0
DA:112,0
DA:118,0
DA:119,0
DA:122,0
DA:123,0
LF:37
LH:21
BRDA:31,0,0,0
BRDA:31,0,1,9
BRDA:53,1,0,3
BRDA:53,1,1,0
BRDA:54,2,0,3
BRDA:54,2,1,0
BRDA:55,3,0,3
BRDA:55,3,1,0
BRDA:68,4,0,3
BRDA:68,4,1,0
BRDA:71,5,0,3
BRDA:71,5,1,0
BRDA:73,6,0,3
BRDA:73,6,1,0
BRDA:80,7,0,0
BRDA:80,7,1,0
BRDA:106,8,0,0
BRDA:106,8,1,0
BRDA:107,9,0,0
BRDA:107,9,1,0
BRDA:108,10,0,0
BRDA:108,10,1,0
BRDA:122,11,0,0
BRDA:122,11,1,0
BRF:24
BRH:7
end_of_record
